{"level":"info","ts":1724897456.6891494,"caller":"initiliza/initmysql.go:50","msg":"mysql连接成功"}
{"level":"info","ts":1724897960.1596134,"caller":"initiliza/conn.go:63","msg":"服务注销成功"}
{"level":"info","ts":1724900030.0221293,"caller":"initiliza/initmysql.go:50","msg":"mysql连接成功"}
{"level":"info","ts":1724902501.0445511,"caller":"initiliza/conn.go:63","msg":"服务注销成功"}
{"level":"info","ts":1724902509.1817207,"caller":"initiliza/initmysql.go:50","msg":"mysql连接成功"}
{"level":"info","ts":1724903651.2981744,"caller":"initiliza/conn.go:63","msg":"服务注销成功"}
{"level":"info","ts":1724911954.5888832,"caller":"initiliza/initmysql.go:50","msg":"mysql连接成功"}
{"level":"info","ts":1724918391.4821222,"caller":"initiliza/conn.go:63","msg":"服务注销成功"}
{"level":"info","ts":1724921720.2831113,"caller":"initiliza/initmysql.go:50","msg":"mysql连接成功"}
{"level":"info","ts":1724923211.199571,"caller":"initiliza/conn.go:63","msg":"服务注销成功"}
{"level":"info","ts":1724923216.1724968,"caller":"initiliza/initmysql.go:50","msg":"mysql连接成功"}
{"level":"info","ts":1724923216.1876702,"caller":"initiliza/conn.go:120","msg":"delay_order_consumer errorthe topic=delay_order route info not found, it may not exist"}
{"level":"error","ts":1724923366.465606,"caller":"handler/order.go:181","msg":"启动producer失败","stacktrace":"order_srv/handler.(*OrderListener).ExecuteLocalTransaction\n\tD:/wujuan/professional/mygo/src/heigh5/zuoye/0720/user/shop_srv/order_srv/handler/order.go:181\ngithub.com/apache/rocketmq-client-go/v2/producer.(*transactionProducer).SendMessageInTransaction\n\tD:/wujuan/professional/go/pkg/github.com/apache/rocketmq-client-go/v2@v2.1.2/producer/producer.go:724\norder_srv/handler.OrderService.CreateOrder\n\tD:/wujuan/professional/mygo/src/heigh5/zuoye/0720/user/shop_srv/order_srv/handler/order.go:262\ngithub.com/wujuan-glit/shop/order._Order_CreateOrder_Handler\n\tD:/wujuan/professional/go/pkg/github.com/wujuan-glit/shop@v0.1.3/order/order_grpc.pb.go:276\ngoogle.golang.org/grpc.(*Server).processUnaryRPC\n\tD:/wujuan/professional/go/pkg/google.golang.org/grpc@v1.65.0/server.go:1379\ngoogle.golang.org/grpc.(*Server).handleStream\n\tD:/wujuan/professional/go/pkg/google.golang.org/grpc@v1.65.0/server.go:1790\ngoogle.golang.org/grpc.(*Server).serveStreams.func2.1\n\tD:/wujuan/professional/go/pkg/google.golang.org/grpc@v1.65.0/server.go:1029"}
{"level":"info","ts":1724923513.2059717,"caller":"initiliza/conn.go:63","msg":"服务注销成功"}
{"level":"info","ts":1724923519.1532702,"caller":"initiliza/initmysql.go:50","msg":"mysql连接成功"}
{"level":"error","ts":1724923628.1518354,"caller":"handler/order.go:181","msg":"启动producer失败","stacktrace":"order_srv/handler.(*OrderListener).ExecuteLocalTransaction\n\tD:/wujuan/professional/mygo/src/heigh5/zuoye/0720/user/shop_srv/order_srv/handler/order.go:181\ngithub.com/apache/rocketmq-client-go/v2/producer.(*transactionProducer).SendMessageInTransaction\n\tD:/wujuan/professional/go/pkg/github.com/apache/rocketmq-client-go/v2@v2.1.2/producer/producer.go:724\norder_srv/handler.OrderService.CreateOrder\n\tD:/wujuan/professional/mygo/src/heigh5/zuoye/0720/user/shop_srv/order_srv/handler/order.go:262\ngithub.com/wujuan-glit/shop/order._Order_CreateOrder_Handler\n\tD:/wujuan/professional/go/pkg/github.com/wujuan-glit/shop@v0.1.3/order/order_grpc.pb.go:276\ngoogle.golang.org/grpc.(*Server).processUnaryRPC\n\tD:/wujuan/professional/go/pkg/google.golang.org/grpc@v1.65.0/server.go:1379\ngoogle.golang.org/grpc.(*Server).handleStream\n\tD:/wujuan/professional/go/pkg/google.golang.org/grpc@v1.65.0/server.go:1790\ngoogle.golang.org/grpc.(*Server).serveStreams.func2.1\n\tD:/wujuan/professional/go/pkg/google.golang.org/grpc@v1.65.0/server.go:1029"}
{"level":"error","ts":1724923724.833707,"caller":"handler/order.go:181","msg":"启动producer失败","stacktrace":"order_srv/handler.(*OrderListener).ExecuteLocalTransaction\n\tD:/wujuan/professional/mygo/src/heigh5/zuoye/0720/user/shop_srv/order_srv/handler/order.go:181\ngithub.com/apache/rocketmq-client-go/v2/producer.(*transactionProducer).SendMessageInTransaction\n\tD:/wujuan/professional/go/pkg/github.com/apache/rocketmq-client-go/v2@v2.1.2/producer/producer.go:724\norder_srv/handler.OrderService.CreateOrder\n\tD:/wujuan/professional/mygo/src/heigh5/zuoye/0720/user/shop_srv/order_srv/handler/order.go:262\ngithub.com/wujuan-glit/shop/order._Order_CreateOrder_Handler\n\tD:/wujuan/professional/go/pkg/github.com/wujuan-glit/shop@v0.1.3/order/order_grpc.pb.go:276\ngoogle.golang.org/grpc.(*Server).processUnaryRPC\n\tD:/wujuan/professional/go/pkg/google.golang.org/grpc@v1.65.0/server.go:1379\ngoogle.golang.org/grpc.(*Server).handleStream\n\tD:/wujuan/professional/go/pkg/google.golang.org/grpc@v1.65.0/server.go:1790\ngoogle.golang.org/grpc.(*Server).serveStreams.func2.1\n\tD:/wujuan/professional/go/pkg/google.golang.org/grpc@v1.65.0/server.go:1029"}
{"level":"info","ts":1724923781.6310306,"caller":"initiliza/conn.go:63","msg":"服务注销成功"}
{"level":"info","ts":1724923787.136,"caller":"initiliza/initmysql.go:50","msg":"mysql连接成功"}
{"level":"error","ts":1724923808.7087932,"caller":"handler/order.go:181","msg":"启动producer失败","stacktrace":"order_srv/handler.(*OrderListener).ExecuteLocalTransaction\n\tD:/wujuan/professional/mygo/src/heigh5/zuoye/0720/user/shop_srv/order_srv/handler/order.go:181\ngithub.com/apache/rocketmq-client-go/v2/producer.(*transactionProducer).SendMessageInTransaction\n\tD:/wujuan/professional/go/pkg/github.com/apache/rocketmq-client-go/v2@v2.1.2/producer/producer.go:724\norder_srv/handler.OrderService.CreateOrder\n\tD:/wujuan/professional/mygo/src/heigh5/zuoye/0720/user/shop_srv/order_srv/handler/order.go:262\ngithub.com/wujuan-glit/shop/order._Order_CreateOrder_Handler\n\tD:/wujuan/professional/go/pkg/github.com/wujuan-glit/shop@v0.1.3/order/order_grpc.pb.go:276\ngoogle.golang.org/grpc.(*Server).processUnaryRPC\n\tD:/wujuan/professional/go/pkg/google.golang.org/grpc@v1.65.0/server.go:1379\ngoogle.golang.org/grpc.(*Server).handleStream\n\tD:/wujuan/professional/go/pkg/google.golang.org/grpc@v1.65.0/server.go:1790\ngoogle.golang.org/grpc.(*Server).serveStreams.func2.1\n\tD:/wujuan/professional/go/pkg/google.golang.org/grpc@v1.65.0/server.go:1029"}
{"level":"error","ts":1724923845.1693408,"caller":"handler/order.go:181","msg":"启动producer失败","stacktrace":"order_srv/handler.(*OrderListener).ExecuteLocalTransaction\n\tD:/wujuan/professional/mygo/src/heigh5/zuoye/0720/user/shop_srv/order_srv/handler/order.go:181\ngithub.com/apache/rocketmq-client-go/v2/producer.(*transactionProducer).SendMessageInTransaction\n\tD:/wujuan/professional/go/pkg/github.com/apache/rocketmq-client-go/v2@v2.1.2/producer/producer.go:724\norder_srv/handler.OrderService.CreateOrder\n\tD:/wujuan/professional/mygo/src/heigh5/zuoye/0720/user/shop_srv/order_srv/handler/order.go:262\ngithub.com/wujuan-glit/shop/order._Order_CreateOrder_Handler\n\tD:/wujuan/professional/go/pkg/github.com/wujuan-glit/shop@v0.1.3/order/order_grpc.pb.go:276\ngoogle.golang.org/grpc.(*Server).processUnaryRPC\n\tD:/wujuan/professional/go/pkg/google.golang.org/grpc@v1.65.0/server.go:1379\ngoogle.golang.org/grpc.(*Server).handleStream\n\tD:/wujuan/professional/go/pkg/google.golang.org/grpc@v1.65.0/server.go:1790\ngoogle.golang.org/grpc.(*Server).serveStreams.func2.1\n\tD:/wujuan/professional/go/pkg/google.golang.org/grpc@v1.65.0/server.go:1029"}
{"level":"info","ts":1724924058.439351,"caller":"initiliza/conn.go:63","msg":"服务注销成功"}
{"level":"info","ts":1724924065.1985252,"caller":"initiliza/initmysql.go:50","msg":"mysql连接成功"}
{"level":"info","ts":1724924069.7236695,"caller":"handler/order.go:237","msg":"group_name202408291734292453"}
{"level":"info","ts":1724924071.6155407,"caller":"handler/order.go:237","msg":"group_name20240829173431410"}
{"level":"info","ts":1724924087.8243608,"caller":"handler/order.go:237","msg":"group_name202408291734476617"}
{"level":"error","ts":1724924087.8625467,"caller":"handler/order.go:181","msg":"启动producer失败","stacktrace":"order_srv/handler.(*OrderListener).ExecuteLocalTransaction\n\tD:/wujuan/professional/mygo/src/heigh5/zuoye/0720/user/shop_srv/order_srv/handler/order.go:181\ngithub.com/apache/rocketmq-client-go/v2/producer.(*transactionProducer).SendMessageInTransaction\n\tD:/wujuan/professional/go/pkg/github.com/apache/rocketmq-client-go/v2@v2.1.2/producer/producer.go:724\norder_srv/handler.OrderService.CreateOrder\n\tD:/wujuan/professional/mygo/src/heigh5/zuoye/0720/user/shop_srv/order_srv/handler/order.go:264\ngithub.com/wujuan-glit/shop/order._Order_CreateOrder_Handler\n\tD:/wujuan/professional/go/pkg/github.com/wujuan-glit/shop@v0.1.3/order/order_grpc.pb.go:276\ngoogle.golang.org/grpc.(*Server).processUnaryRPC\n\tD:/wujuan/professional/go/pkg/google.golang.org/grpc@v1.65.0/server.go:1379\ngoogle.golang.org/grpc.(*Server).handleStream\n\tD:/wujuan/professional/go/pkg/google.golang.org/grpc@v1.65.0/server.go:1790\ngoogle.golang.org/grpc.(*Server).serveStreams.func2.1\n\tD:/wujuan/professional/go/pkg/google.golang.org/grpc@v1.65.0/server.go:1029"}
{"level":"info","ts":1724924638.051346,"caller":"initiliza/conn.go:63","msg":"服务注销成功"}
{"level":"info","ts":1724928792.1009881,"caller":"initiliza/initmysql.go:50","msg":"mysql连接成功"}
{"level":"info","ts":1724928809.070957,"caller":"handler/order.go:239","msg":"group_name202408291853291866"}
{"level":"info","ts":1724928811.4536915,"caller":"handler/order.go:239","msg":"group_name202408291853315311"}
{"level":"info","ts":1724928816.0622792,"caller":"handler/order.go:239","msg":"group_name202408291853365610"}
{"level":"info","ts":1724929076.573346,"caller":"handler/order.go:239","msg":"group_name202408291857567986"}
{"level":"info","ts":1724929081.730783,"caller":"handler/order.go:239","msg":"group_name202408291858017047"}
{"level":"info","ts":1724929085.4165528,"caller":"handler/order.go:239","msg":"group_name202408291858054622"}
{"level":"info","ts":1724929108.172115,"caller":"handler/order.go:239","msg":"group_name202408291858283374"}
{"level":"info","ts":1724929110.3242762,"caller":"handler/order.go:239","msg":"group_name202408291858307911"}
{"level":"info","ts":1724929149.1174507,"caller":"handler/order.go:239","msg":"group_name202408291859092916"}
{"level":"info","ts":1724931067.6260226,"caller":"handler/order.go:239","msg":"group_name20240829193107812"}
{"level":"info","ts":1724932134.5445414,"caller":"handler/order.go:239","msg":"group_name202408291948547658"}
{"level":"info","ts":1724932229.189098,"caller":"initiliza/conn.go:63","msg":"服务注销成功"}
{"level":"info","ts":1724932235.646539,"caller":"initiliza/initmysql.go:50","msg":"mysql连接成功"}
{"level":"info","ts":1724933538.203897,"caller":"initiliza/conn.go:63","msg":"服务注销成功"}
{"level":"info","ts":1724933617.9120853,"caller":"initiliza/initmysql.go:50","msg":"mysql连接成功"}
{"level":"info","ts":1724934712.4690263,"caller":"initiliza/conn.go:63","msg":"服务注销成功"}
{"level":"info","ts":1724987136.9102798,"caller":"initiliza/initmysql.go:50","msg":"mysql连接成功"}
{"level":"info","ts":1724988305.198584,"caller":"initiliza/conn.go:63","msg":"服务注销成功"}
{"level":"info","ts":1724988913.6431518,"caller":"initiliza/initmysql.go:50","msg":"mysql连接成功"}
{"level":"info","ts":1724989552.5590615,"caller":"initiliza/conn.go:63","msg":"服务注销成功"}
{"level":"info","ts":1724989945.0831883,"caller":"initiliza/initmysql.go:50","msg":"mysql连接成功"}
{"level":"info","ts":1724990458.5585368,"caller":"initiliza/conn.go:63","msg":"服务注销成功"}
{"level":"info","ts":1724997832.093489,"caller":"initiliza/initmysql.go:50","msg":"mysql连接成功"}
{"level":"info","ts":1725001162.2780993,"caller":"initiliza/conn.go:63","msg":"服务注销成功"}
{"level":"info","ts":1725008086.6370573,"caller":"initiliza/initmysql.go:50","msg":"mysql连接成功"}
{"level":"info","ts":1725010115.0106435,"caller":"initiliza/conn.go:63","msg":"服务注销成功"}
{"level":"info","ts":1725010120.770398,"caller":"initiliza/initmysql.go:50","msg":"mysql连接成功"}
{"level":"info","ts":1725010120.7864928,"caller":"initiliza/conn.go:120","msg":"delay_order_consumer errorthe topic=delay_order route info not found, it may not exist"}
{"level":"info","ts":1725010519.9317522,"caller":"initiliza/conn.go:63","msg":"服务注销成功"}
